Base path: /Applications/Unity/Unity.app/Contents
Pipe name: \\.\pipe\UnityShaderCompiler-1--1599000152
Cmd: getPlatforms
Cmd: preprocess
  insize=1192 outsize=621 ok=1
Cmd: compileSnippet
  api=0 type=0 insize=870 outsize=365 kw= ok=1
Cmd: compileSnippet
  api=0 type=1 insize=870 outsize=98 kw= ok=1
Cmd: preprocess
  insize=521 outsize=521 ok=1
Cmd: preprocess
  insize=1917 outsize=1914 ok=1
Cmd: preprocess
  insize=1551 outsize=865 ok=1
Cmd: compileSnippet
  api=0 type=0 insize=988 outsize=397 kw= ok=1
Cmd: compileSnippet
  api=0 type=1 insize=988 outsize=222 kw= ok=1
Cmd: preprocess
  insize=522 outsize=519 ok=1
Cmd: preprocess
  insize=1391 outsize=1391 ok=1
Cmd: preprocess
  insize=1725 outsize=1007 ok=1
Cmd: compileSnippet
  api=0 type=0 insize=1020 outsize=397 kw= ok=1
Cmd: compileSnippet
  api=0 type=1 insize=1020 outsize=290 kw= ok=1
Cmd: preprocess
  insize=1397 outsize=1397 ok=1
